<?xml version="1.0" encoding="UTF-8"?>
<testsuite name="assignment1.problem2.TripTest" tests="5" skipped="0" failures="0" errors="0" timestamp="2022-02-14T19:47:14" hostname="shengguozhoudeMacBook-Air.local" time="0.017">
  <properties/>
  <testcase name="getStartTime()" classname="assignment1.problem2.TripTest" time="0.009"/>
  <testcase name="getEndTime()" classname="assignment1.problem2.TripTest" time="0.001"/>
  <testcase name="getEndLocation()" classname="assignment1.problem2.TripTest" time="0.0"/>
  <testcase name="getDuration()" classname="assignment1.problem2.TripTest" time="0.0"/>
  <testcase name="getStartLocation()" classname="assignment1.problem2.TripTest" time="0.001"/>
  <system-out><![CDATA[]]></system-out>
  <system-err><![CDATA[]]></system-err>
</testsuite>
