<?xml version="1.0" encoding="UTF-8"?>
<testsuite name="assignment1.problem2.TimeTest" tests="4" skipped="0" failures="0" errors="0" timestamp="2022-02-14T19:47:14" hostname="shengguozhoudeMacBook-Air.local" time="0.007">
  <properties/>
  <testcase name="getHour()" classname="assignment1.problem2.TimeTest" time="0.001"/>
  <testcase name="invalidInput()" classname="assignment1.problem2.TimeTest" time="0.001"/>
  <testcase name="getMinute()" classname="assignment1.problem2.TimeTest" time="0.002"/>
  <testcase name="getSecond()" classname="assignment1.problem2.TimeTest" time="0.001"/>
  <system-out><![CDATA[]]></system-out>
  <system-err><![CDATA[]]></system-err>
</testsuite>
