<?xml version="1.0" encoding="UTF-8"?>
<testsuite name="assignment1.problem1.VehicleTest" tests="3" skipped="0" failures="0" errors="0" timestamp="2022-02-14T19:47:14" hostname="shengguozhoudeMacBook-Air.local" time="0.059">
  <properties/>
  <testcase name="getVIN()" classname="assignment1.problem1.VehicleTest" time="0.04"/>
  <testcase name="getLicensePlate()" classname="assignment1.problem1.VehicleTest" time="0.001"/>
  <testcase name="getOwner()" classname="assignment1.problem1.VehicleTest" time="0.015"/>
  <system-out><![CDATA[]]></system-out>
  <system-err><![CDATA[]]></system-err>
</testsuite>
