<?xml version="1.0" encoding="UTF-8"?>
<testsuite name="assignment1.problem1.OwnerTest" tests="3" skipped="0" failures="0" errors="0" timestamp="2022-02-14T19:47:14" hostname="shengguozhoudeMacBook-Air.local" time="0.01">
  <properties/>
  <testcase name="getPhoneNumber()" classname="assignment1.problem1.OwnerTest" time="0.002"/>
  <testcase name="getFirstName()" classname="assignment1.problem1.OwnerTest" time="0.001"/>
  <testcase name="getLastName()" classname="assignment1.problem1.OwnerTest" time="0.001"/>
  <system-out><![CDATA[]]></system-out>
  <system-err><![CDATA[]]></system-err>
</testsuite>
