<?xml version="1.0" encoding="UTF-8"?>
<testsuite name="problem1.NonProfitTest" tests="4" skipped="0" failures="0" errors="0" timestamp="2022-03-13T22:30:52" hostname="shengguozhoudeMacBook-Air.local" time="0.053">
  <properties/>
  <testcase name="addDonation()" classname="problem1.NonProfitTest" time="0.025"/>
  <testcase name="setMonthlyDonation()" classname="problem1.NonProfitTest" time="0.014"/>
  <testcase name="equalTest()" classname="problem1.NonProfitTest" time="0.005"/>
  <testcase name="getTotalDonationsForYear()" classname="problem1.NonProfitTest" time="0.002"/>
  <system-out><![CDATA[]]></system-out>
  <system-err><![CDATA[]]></system-err>
</testsuite>
