<?xml version="1.0" encoding="UTF-8"?>
<testsuite name="problem2.CatalogTest" tests="7" skipped="0" failures="0" errors="0" timestamp="2022-03-13T22:30:52" hostname="shengguozhoudeMacBook-Air.local" time="0.016">
  <properties/>
  <testcase name="addItem()" classname="problem2.CatalogTest" time="0.003"/>
  <testcase name="search()" classname="problem2.CatalogTest" time="0.001"/>
  <testcase name="testHashCode()" classname="problem2.CatalogTest" time="0.002"/>
  <testcase name="removeItem()" classname="problem2.CatalogTest" time="0.001"/>
  <testcase name="testEquals()" classname="problem2.CatalogTest" time="0.0"/>
  <testcase name="testSearch1()" classname="problem2.CatalogTest" time="0.0"/>
  <testcase name="testSearch()" classname="problem2.CatalogTest" time="0.001"/>
  <system-out><![CDATA[]]></system-out>
  <system-err><![CDATA[]]></system-err>
</testsuite>
