<?xml version="1.0" encoding="UTF-8"?>
<testsuite name="problem1.AthleteTest" tests="4" skipped="0" failures="0" errors="0" timestamp="2022-02-13T04:17:24" hostname="shengguozhoudeMacBook-Air.local" time="0.072">
  <properties/>
  <testcase name="getHeight()" classname="problem1.AthleteTest" time="0.06"/>
  <testcase name="getLeague()" classname="problem1.AthleteTest" time="0.005"/>
  <testcase name="getAthletesName()" classname="problem1.AthleteTest" time="0.001"/>
  <testcase name="getWeight()" classname="problem1.AthleteTest" time="0.002"/>
  <system-out><![CDATA[]]></system-out>
  <system-err><![CDATA[]]></system-err>
</testsuite>
