<?xml version="1.0" encoding="UTF-8"?>
<testsuite name="problem1.CourseCatalogTest" tests="11" skipped="0" failures="0" errors="0" timestamp="2022-03-10T02:35:30" hostname="shengguozhoudeMacBook-Air.local" time="0.099">
  <properties/>
  <testcase name="append()" classname="problem1.CourseCatalogTest" time="0.036"/>
  <testcase name="testToString()" classname="problem1.CourseCatalogTest" time="0.025"/>
  <testcase name="remove()" classname="problem1.CourseCatalogTest" time="0.005"/>
  <testcase name="contains()" classname="problem1.CourseCatalogTest" time="0.001"/>
  <testcase name="get()" classname="problem1.CourseCatalogTest" time="0.002"/>
  <testcase name="count()" classname="problem1.CourseCatalogTest" time="0.0"/>
  <testcase name="testHashCode()" classname="problem1.CourseCatalogTest" time="0.013"/>
  <testcase name="testEquals()" classname="problem1.CourseCatalogTest" time="0.002"/>
  <testcase name="indexOf()" classname="problem1.CourseCatalogTest" time="0.0"/>
  <testcase name="isEmpty()" classname="problem1.CourseCatalogTest" time="0.001"/>
  <testcase name="moveforward()" classname="problem1.CourseCatalogTest" time="0.002"/>
  <system-out><![CDATA[]]></system-out>
  <system-err><![CDATA[]]></system-err>
</testsuite>
