<?xml version="1.0" encoding="UTF-8"?>
<testsuite name="problem2.ListOfStringTest" tests="7" skipped="0" failures="0" errors="0" timestamp="2022-02-26T07:19:45" hostname="shengguhoudeAir" time="0.097">
  <properties/>
  <testcase name="removeDuplicate()" classname="problem2.ListOfStringTest" time="0.073"/>
  <testcase name="hasDuplicates()" classname="problem2.ListOfStringTest" time="0.002"/>
  <testcase name="contains()" classname="problem2.ListOfStringTest" time="0.002"/>
  <testcase name="size()" classname="problem2.ListOfStringTest" time="0.003"/>
  <testcase name="containsAll()" classname="problem2.ListOfStringTest" time="0.001"/>
  <testcase name="filerLargerThan()" classname="problem2.ListOfStringTest" time="0.003"/>
  <testcase name="isEmpty()" classname="problem2.ListOfStringTest" time="0.001"/>
  <system-out><![CDATA[]]></system-out>
  <system-err><![CDATA[]]></system-err>
</testsuite>
