<?xml version="1.0" encoding="UTF-8"?>
<testsuite name="problem1.TransitTest" tests="4" skipped="0" failures="0" errors="0" timestamp="2022-03-04T07:03:24" hostname="shengguozhoudeMacBook-Air.local" time="0.043">
  <properties/>
  <testcase name="testDrive()" classname="problem1.TransitTest" time="0.029"/>
  <testcase name="drive()" classname="problem1.TransitTest" time="0.006"/>
  <testcase name="testDrive1()" classname="problem1.TransitTest" time="0.002"/>
  <testcase name="testDrive2()" classname="problem1.TransitTest" time="0.001"/>
  <system-out><![CDATA[]]></system-out>
  <system-err><![CDATA[]]></system-err>
</testsuite>
