<?xml version="1.0" encoding="UTF-8"?>
<testsuite name="problem2.SizeTest" tests="5" skipped="0" failures="0" errors="0" timestamp="2022-02-19T01:20:44" hostname="shengguozhoudeMacBook-Air.local" time="0.006">
  <properties/>
  <testcase name="testGetDepth()" classname="problem2.SizeTest" time="0.002"/>
  <testcase name="testGetWidth()" classname="problem2.SizeTest" time="0.001"/>
  <testcase name="testHashCode()" classname="problem2.SizeTest" time="0.0"/>
  <testcase name="testGetHeight()" classname="problem2.SizeTest" time="0.0"/>
  <testcase name="testEquals()" classname="problem2.SizeTest" time="0.0"/>
  <system-out><![CDATA[]]></system-out>
  <system-err><![CDATA[]]></system-err>
</testsuite>
