<?xml version="1.0" encoding="UTF-8"?>
<testsuite name="problem1.RoomTest" tests="8" skipped="0" failures="0" errors="0" timestamp="2022-02-19T01:20:44" hostname="shengguozhoudeMacBook-Air.local" time="0.017">
  <properties/>
  <testcase name="getMaxOccupancy()" classname="problem1.RoomTest" time="0.001"/>
  <testcase name="testConstruction()" classname="problem1.RoomTest" time="0.002"/>
  <testcase name="isAvailable()" classname="problem1.RoomTest" time="0.001"/>
  <testcase name="testHashCode()" classname="problem1.RoomTest" time="0.001"/>
  <testcase name="testEquals()" classname="problem1.RoomTest" time="0.0"/>
  <testcase name="getNumberOfGuest()" classname="problem1.RoomTest" time="0.001"/>
  <testcase name="getPrice()" classname="problem1.RoomTest" time="0.001"/>
  <testcase name="bookRoom()" classname="problem1.RoomTest" time="0.003"/>
  <system-out><![CDATA[]]></system-out>
  <system-err><![CDATA[]]></system-err>
</testsuite>
