<?xml version="1.0" encoding="UTF-8"?>
<testsuite name="problem2.MailTest" tests="5" skipped="0" failures="0" errors="0" timestamp="2022-02-19T01:20:44" hostname="shengguozhoudeMacBook-Air.local" time="0.017">
  <properties/>
  <testcase name="getSize()" classname="problem2.MailTest" time="0.001"/>
  <testcase name="getRecipient()" classname="problem2.MailTest" time="0.0"/>
  <testcase name="testHashCode()" classname="problem2.MailTest" time="0.001"/>
  <testcase name="testEquals()" classname="problem2.MailTest" time="0.001"/>
  <testcase name="testConstructor()" classname="problem2.MailTest" time="0.005"/>
  <system-out><![CDATA[]]></system-out>
  <system-err><![CDATA[]]></system-err>
</testsuite>
