<?xml version="1.0" encoding="UTF-8"?>
<testsuite name="problem2.LockerTest" tests="7" skipped="0" failures="0" errors="0" timestamp="2022-02-19T01:20:44" hostname="shengguozhoudeMacBook-Air.local" time="0.072">
  <properties/>
  <testcase name="addMail()" classname="problem2.LockerTest" time="0.032"/>
  <testcase name="pickupMail()" classname="problem2.LockerTest" time="0.002"/>
  <testcase name="getMail()" classname="problem2.LockerTest" time="0.001"/>
  <testcase name="testHashCode()" classname="problem2.LockerTest" time="0.004"/>
  <testcase name="testEquals()" classname="problem2.LockerTest" time="0.0"/>
  <testcase name="getMaxSize()" classname="problem2.LockerTest" time="0.001"/>
  <testcase name="testConstructor()" classname="problem2.LockerTest" time="0.001"/>
  <system-out><![CDATA[]]></system-out>
  <system-err><![CDATA[]]></system-err>
</testsuite>
