<?xml version="1.0" encoding="UTF-8"?>
<testsuite name="problem1.PerishableFoodTest" tests="2" skipped="0" failures="0" errors="0" timestamp="2022-02-20T02:00:48" hostname="shengguozhoudeMacBook-Air.local" time="0.004">
  <properties/>
  <testcase name="getExpirationDate()" classname="problem1.PerishableFoodTest" time="0.001"/>
  <testcase name="getOrderDate()" classname="problem1.PerishableFoodTest" time="0.001"/>
  <system-out><![CDATA[]]></system-out>
  <system-err><![CDATA[]]></system-err>
</testsuite>
