<?xml version="1.0" encoding="UTF-8"?>
<testsuite name="problem2.SoldierTest" tests="3" skipped="0" failures="0" errors="0" timestamp="2022-02-20T02:00:48" hostname="shengguozhoudeMacBook-Air.local" time="0.009">
  <properties/>
  <testcase name="reduce()" classname="problem2.SoldierTest" time="0.0"/>
  <testcase name="add()" classname="problem2.SoldierTest" time="0.002"/>
  <testcase name="testConstructor()" classname="problem2.SoldierTest" time="0.004"/>
  <system-out><![CDATA[]]></system-out>
  <system-err><![CDATA[]]></system-err>
</testsuite>
