<?xml version="1.0" encoding="UTF-8"?>
<testsuite name="problem1.SmartFoodOrderingSystemTest" tests="2" skipped="0" failures="0" errors="0" timestamp="2022-02-20T02:00:48" hostname="shengguozhoudeMacBook-Air.local" time="0.003">
  <properties/>
  <testcase name="gRFood()" classname="problem1.SmartFoodOrderingSystemTest" time="0.001"/>
  <testcase name="addFoodTest()" classname="problem1.SmartFoodOrderingSystemTest" time="0.001"/>
  <system-out><![CDATA[]]></system-out>
  <system-err><![CDATA[]]></system-err>
</testsuite>
