<?xml version="1.0" encoding="UTF-8"?>
<testsuite name="problem2.CivilianTest" tests="2" skipped="0" failures="0" errors="0" timestamp="2022-02-20T02:00:48" hostname="shengguozhoudeMacBook-Air.local" time="0.005">
  <properties/>
  <testcase name="addCurrent()" classname="problem2.CivilianTest" time="0.001"/>
  <testcase name="reduceCurrent()" classname="problem2.CivilianTest" time="0.003"/>
  <system-out><![CDATA[]]></system-out>
  <system-err><![CDATA[]]></system-err>
</testsuite>
