<?xml version="1.0" encoding="UTF-8"?>
<testsuite name="problem2.PiecesTest" tests="4" skipped="0" failures="0" errors="0" timestamp="2022-02-20T02:00:48" hostname="shengguozhoudeMacBook-Air.local" time="0.011">
  <properties/>
  <testcase name="getAge()" classname="problem2.PiecesTest" time="0.0"/>
  <testcase name="getName()" classname="problem2.PiecesTest" time="0.001"/>
  <testcase name="testHashCode()" classname="problem2.PiecesTest" time="0.002"/>
  <testcase name="testConstructor()" classname="problem2.PiecesTest" time="0.001"/>
  <system-out><![CDATA[]]></system-out>
  <system-err><![CDATA[]]></system-err>
</testsuite>
