<?xml version="1.0" encoding="UTF-8"?>
<testsuite name="problem1.NonPerishableFoodTest" tests="5" skipped="0" failures="0" errors="0" timestamp="2022-02-20T02:00:48" hostname="shengguozhoudeMacBook-Air.local" time="0.039">
  <properties/>
  <testcase name="getMaxAllowedQ()" classname="problem1.NonPerishableFoodTest" time="0.031"/>
  <testcase name="getName()" classname="problem1.NonPerishableFoodTest" time="0.0"/>
  <testcase name="getCurrentPricePerUnit()" classname="problem1.NonPerishableFoodTest" time="0.0"/>
  <testcase name="testHashCode()" classname="problem1.NonPerishableFoodTest" time="0.001"/>
  <testcase name="getCurrentlyAvailableQ()" classname="problem1.NonPerishableFoodTest" time="0.0"/>
  <system-out><![CDATA[]]></system-out>
  <system-err><![CDATA[]]></system-err>
</testsuite>
